[New Access Record]2016/11/21 23:38:49 maccesslogger.go:35: [status : redirecting and logging traffic ...]
[New Access Record]2016/11/21 23:48:44 maccesslogger.go:35: [status : redirecting and logging traffic ...]
[New Access Record] 2016/11/21 23:49:23 maccesslogger.go:35: [status : redirecting and logging traffic ...]
[New Access Record] 2016/11/21 23:49:58 maccesslogger.go:31: [/ accessed from 10.0.0.8]
[ : ]
[ : ]
[0 : 0]
[0.000000 : 0.000000]
[New Access Record] 2016/11/21 23:50:45 maccesslogger.go:31: [/ accessed from 172.56.39.82]
[United States : US]
[Stockton : ]
[862 : 0]
[37.959499 : 0.000000]
[New Access Record] 2016/11/21 23:50:59 maccesslogger.go:31: [/ accessed from 172.56.39.82]
[United States : US]
[Stockton : ]
[862 : 0]
[37.959499 : 0.000000]
[New Access Record] 2016/11/21 23:51:22 maccesslogger.go:31: [/ accessed from 10.0.0.8]
[ : ]
[ : ]
[0 : 0]
[0.000000 : 0.000000]
